/user/C85DEA9C8F04CDE7_9f25dd
/user/E17242FA0A1578B4_922114
/user/1B4676523A3C1D54_a18f2d
/user/76C5708DF1B35C98_2d0d84
/user/4584C4980A15B70B_637e05
/user/4A08B642B1EDE169_96779c
/user/578708D307926FBA_2c42ef
/user/0C18CBEF4F95E986_640675
/user/903D40400A6ADDB2_1c78ea
/user/PeachyMilkTea_c96d8e
/user/50034B9E891FE505_2f52ed
/user/88D8E1DD39801AA5_b97ab5
/user/E3FAFD2D8BE2BEED_95e8f1
/user/EE8606483914CD34_57fed6
/user/BE7FA80F9F5495A7_442061
/user/34486EBB81708CD9_fad1d4
/user/C45097AC680D4C5A_496a29
/user/25F77594C4DC505E_a39c6b
/user/501795EF8BD71922_5f2a4f
/user/B7005921D8B9E652_64fcef
/user/F3798CC8336660D1_d762d5
/user/0C18CBEF4F95E986_640675
/user/DB6151257E12F5FA_31007b
/user/04562EE962A75BB6_59fd40
/user/D5FB240E2B996466_631091
/user/81E8F4D2DDD66309_19eaf6
/user/B21F9733FE79610A_a2ce5d
/user/4BDF4A2D15D650FC_f58200
/user/F4E0F4F1F84C5AF5_b6549f
/user/22A3D45804D5AC20_ce216d
/user/2B4CC834D500CA58_1684fd
/user/49C8672203E69623_2bdee9
/user/8D9E9C6CA22E2C7A_c03a07
/user/C85DEA9C8F04CDE7_9f25dd
/user/E17242FA0A1578B4_922114
/user/1B4676523A3C1D54_a18f2d
/user/76C5708DF1B35C98_2d0d84
/user/4584C4980A15B70B_637e05
/user/4A08B642B1EDE169_96779c
/user/578708D307926FBA_2c42ef
/user/0C18CBEF4F95E986_640675
/user/903D40400A6ADDB2_1c78ea
/user/PeachyMilkTea_c96d8e
/user/50034B9E891FE505_2f52ed
/user/88D8E1DD39801AA5_b97ab5
/user/E3FAFD2D8BE2BEED_95e8f1
/user/EE8606483914CD34_57fed6
/user/BE7FA80F9F5495A7_442061
/user/34486EBB81708CD9_fad1d4
/user/C45097AC680D4C5A_496a29
/user/25F77594C4DC505E_a39c6b
/user/501795EF8BD71922_5f2a4f
/user/B7005921D8B9E652_64fcef
/user/F3798CC8336660D1_d762d5
/user/DB6151257E12F5FA_31007b
/user/04562EE962A75BB6_59fd40
/user/D5FB240E2B996466_631091
/user/81E8F4D2DDD66309_19eaf6
/user/B21F9733FE79610A_a2ce5d
/user/4BDF4A2D15D650FC_f58200
/user/F4E0F4F1F84C5AF5_b6549f
/user/22A3D45804D5AC20_ce216d
/user/2B4CC834D500CA58_1684fd
/user/49C8672203E69623_2bdee9
/user/8D9E9C6CA22E2C7A_c03a07
/user/EF1193AB6B4D3EA2_ddb7ff
/user/DF3669B70598D80A_855a32
/user/D3C23659C76E8D81_d8b095
/user/E285BF5A72A97C55_f5ca94
/user/3AC5780067677EBE_af8712
/user/B0B1F172438B7F38_05a5a2
/user/96C628675D264BF7_25f023
/user/660815695F821A50_91d950
/user/49016DC294B5ED48_16c8b4
/user/6934E8ECF4DF5FF8_55010a
/user/5896F14735294137_133d5c
/user/C34CF94545FACC74_d9ddb8
/user/7D50925FAACDF2BC_b62dde
/user/850F3F628B726535_e18f2f
/user/B45B0147B6C69079_27f675
/user/ADD11B2E88BA16EE_57ccf6
/user/98D8CDA753682405_f78b45
/user/63AF90B9A89FF61B_ba8e03
/user/B345719C1EA39E9D_525e54
/user/CD153FD171501648_419d33
/user/FA66FFDE416EEAA8_e64357
/user/79CD18B8FC42084F_aba115
/user/5575A066200FC564_fc0404
/user/D985D45946FC56B2_1d6bac
/user/101B512EBF9D6B65_40e1fe
/user/3C2C9349CCA1229E_ff2ce2
/user/32576BE467D6E8D2_2fd81d
/user/BA506F429257956D_f282bd
/user/AC9CD423983DC63B_d373b2
/user/50D0F5720411E16A_50a1cb
/user/214E21F75AC95198_66a2cd
/user/E950044201009805_7c1d4f
/user/6449299CE2746F04_dc90b3
/user/4D458F56A73D4C3F_e5be98
/user/E5256922947CD2F1_393f61
/user/6FF5077A73003891_fd12d6
/user/309111283798B192_4af02f
/user/062A12F6B272DE85_c8f554
/user/D0C24B5ACBBCD755_3c48c3
/user/E0D511CC84D9BBED_40ca11
/user/F54DF4A13E3E9454_9694be
/user/646D23DD31559844_cfd071
/user/E67683A3FD5CC03C_5a22a1
/user/CE15D266212D4624_0fd194
/user/756938BDB7521E10_187e30
/user/04755175494FE7AD_212a49
/user/96A081CAE39C50EA_cfcb31
/user/E5337AFC628552FB_147a0c
/user/4C36C72C9711A6CE_38df60
/user/270C9539AD816F1B_3c68c1
/user/411240AF5523A3D6_309838
/user/03F9829C67A65380_1f3545
/user/C44F4413CD58FE7A_5f7d6c
/user/685458B9B2186811_c90958
/user/47892DE3E9D33693_5a66b5
/user/5CFF331065601698_dc163f
/user/B28EB601E3CC2869_0984bf
/user/ABC22B9E98EB7A82_11448a
/user/8BFB33E9BB4E4148_a4573e
/user/AB4B734E95DC6DBF_469e67
/user/3ACBAABA5FD757CC_1d4974
/user/A19549E09010613B_dd9398
/user/6FA31974FAABD536_7350ac
/user/9A5D5912C29BA6EC_04c282
/user/B5A78FB00ECCCF6F_c9f82b
/user/3C90FB51D071C199_cf2b23
/user/E595E63A448FED0A_d8841a
/user/43AD3ACAC27D121D_da071f
/user/DE9FF6CB84701060_6808de
/user/080CDE7DCC9300CC_8a78e4
/user/BEDEC2B61D20FF7A_5c11a8
/user/299625B3A285B9FB_d26baf
/user/2DEDC46DC0C98E7B_0a2b69
/user/2E84A4FA84D8E7B0_6f289c
/user/92DD9BB428725A69_e6cdc5
/user/C68F3BF06FD8BE25_1437dc
/user/6EFFEE4561237E45_f0c597
/user/66633D3DA2FB2F25_b4ff5c
/user/A37B3DC5CE4D69C0_c867f0
/user/8EB0D3645E12EE29_879de4
/user/D51E7C526CEA0B4C_f52cbb
/user/22584832C393A36C_106a9b
/user/6C8BA2F954ABED82_995a41
/user/5CE8560D0DD33078_1e9568
/user/1638C461E2A5DB9A_90e8b9
/user/9BFFAF6CCC5B4002_d58fd6
/user/A4EC7FFFEEC4F4A0_f66666
/user/89D794443D652600_2f8651
/user/F83797B2704E5033_0bb8af
/user/14753EF390F7B7AC_e10f29
/user/BC7E0A416D3165F2_a9e6bd
/user/EACF1668F595A0F4_691b5c
/user/A39DFA0C091E8BB6_e47d6e
/user/73218E6FB650B4D8_2d8ef3
/user/805867D8FA86C3B7_cc2d16
/user/D5091A50D99215CE_5a416d
/user/78F69B9D0FFC6157_65e668
/user/D5DEEEEB5FB9753B_4fec0a
/user/27049A71D0D44520_aca4d9
/user/84CFF05583554DDF_f0b485
/user/3D00DED5D335B010_b11dce
/user/Yuu459zetubou_d8e8da
/user/76A02F61A1A3D5DC_ade6ca
/user/F3E4122B2898728F_ffdb84
/user/85DB6A0B1AB05669_fad5be
